{"total": {"lines":{"total":374,"covered":285,"skipped":0,"pct":76.2},"statements":{"total":377,"covered":285,"skipped":0,"pct":75.59},"functions":{"total":81,"covered":52,"skipped":0,"pct":64.19},"branches":{"total":301,"covered":240,"skipped":0,"pct":79.73},"branchesTrue":{"total":0,"covered":0,"skipped":0,"pct":100}}
,"C:\\Users\\irem\\Desktop\\WEB_PROGRAMLAMA_FINAL_PROJE\\frontend\\src\\App.jsx": {"lines":{"total":4,"covered":0,"skipped":0,"pct":0},"functions":{"total":1,"covered":0,"skipped":0,"pct":0},"statements":{"total":4,"covered":0,"skipped":0,"pct":0},"branches":{"total":8,"covered":0,"skipped":0,"pct":0}}
,"C:\\Users\\irem\\Desktop\\WEB_PROGRAMLAMA_FINAL_PROJE\\frontend\\src\\theme.js": {"lines":{"total":1,"covered":0,"skipped":0,"pct":0},"functions":{"total":0,"covered":0,"skipped":0,"pct":100},"statements":{"total":1,"covered":0,"skipped":0,"pct":0},"branches":{"total":0,"covered":0,"skipped":0,"pct":100}}
,"C:\\Users\\irem\\Desktop\\WEB_PROGRAMLAMA_FINAL_PROJE\\frontend\\src\\components\\Layout.jsx": {"lines":{"total":26,"covered":21,"skipped":0,"pct":80.76},"functions":{"total":8,"covered":4,"skipped":0,"pct":50},"statements":{"total":28,"covered":21,"skipped":0,"pct":75},"branches":{"total":42,"covered":41,"skipped":0,"pct":97.61}}
,"C:\\Users\\irem\\Desktop\\WEB_PROGRAMLAMA_FINAL_PROJE\\frontend\\src\\components\\ProtectedRoute.jsx": {"lines":{"total":7,"covered":7,"skipped":0,"pct":100},"functions":{"total":1,"covered":1,"skipped":0,"pct":100},"statements":{"total":7,"covered":7,"skipped":0,"pct":100},"branches":{"total":4,"covered":4,"skipped":0,"pct":100}}
,"C:\\Users\\irem\\Desktop\\WEB_PROGRAMLAMA_FINAL_PROJE\\frontend\\src\\context\\AuthContext.jsx": {"lines":{"total":54,"covered":53,"skipped":0,"pct":98.14},"functions":{"total":10,"covered":10,"skipped":0,"pct":100},"statements":{"total":54,"covered":53,"skipped":0,"pct":98.14},"branches":{"total":11,"covered":8,"skipped":0,"pct":72.72}}
,"C:\\Users\\irem\\Desktop\\WEB_PROGRAMLAMA_FINAL_PROJE\\frontend\\src\\pages\\Dashboard.jsx": {"lines":{"total":24,"covered":22,"skipped":0,"pct":91.66},"functions":{"total":8,"covered":6,"skipped":0,"pct":75},"statements":{"total":24,"covered":22,"skipped":0,"pct":91.66},"branches":{"total":67,"covered":65,"skipped":0,"pct":97.01}}
,"C:\\Users\\irem\\Desktop\\WEB_PROGRAMLAMA_FINAL_PROJE\\frontend\\src\\pages\\ForgotPassword.jsx": {"lines":{"total":15,"covered":15,"skipped":0,"pct":100},"functions":{"total":3,"covered":3,"skipped":0,"pct":100},"statements":{"total":15,"covered":15,"skipped":0,"pct":100},"branches":{"total":8,"covered":7,"skipped":0,"pct":87.5}}
,"C:\\Users\\irem\\Desktop\\WEB_PROGRAMLAMA_FINAL_PROJE\\frontend\\src\\pages\\Login.jsx": {"lines":{"total":23,"covered":23,"skipped":0,"pct":100},"functions":{"total":5,"covered":5,"skipped":0,"pct":100},"statements":{"total":23,"covered":23,"skipped":0,"pct":100},"branches":{"total":12,"covered":12,"skipped":0,"pct":100}}
,"C:\\Users\\irem\\Desktop\\WEB_PROGRAMLAMA_FINAL_PROJE\\frontend\\src\\pages\\Profile.jsx": {"lines":{"total":55,"covered":46,"skipped":0,"pct":83.63},"functions":{"total":9,"covered":6,"skipped":0,"pct":66.66},"statements":{"total":56,"covered":46,"skipped":0,"pct":82.14},"branches":{"total":41,"covered":26,"skipped":0,"pct":63.41}}
,"C:\\Users\\irem\\Desktop\\WEB_PROGRAMLAMA_FINAL_PROJE\\frontend\\src\\pages\\Register.jsx": {"lines":{"total":69,"covered":47,"skipped":0,"pct":68.11},"functions":{"total":13,"covered":9,"skipped":0,"pct":69.23},"statements":{"total":69,"covered":47,"skipped":0,"pct":68.11},"branches":{"total":70,"covered":54,"skipped":0,"pct":77.14}}
,"C:\\Users\\irem\\Desktop\\WEB_PROGRAMLAMA_FINAL_PROJE\\frontend\\src\\pages\\ResetPassword.jsx": {"lines":{"total":35,"covered":33,"skipped":0,"pct":94.28},"functions":{"total":6,"covered":5,"skipped":0,"pct":83.33},"statements":{"total":35,"covered":33,"skipped":0,"pct":94.28},"branches":{"total":18,"covered":15,"skipped":0,"pct":83.33}}
,"C:\\Users\\irem\\Desktop\\WEB_PROGRAMLAMA_FINAL_PROJE\\frontend\\src\\pages\\VerifyEmail.jsx": {"lines":{"total":20,"covered":18,"skipped":0,"pct":90},"functions":{"total":3,"covered":3,"skipped":0,"pct":100},"statements":{"total":20,"covered":18,"skipped":0,"pct":90},"branches":{"total":10,"covered":8,"skipped":0,"pct":80}}
,"C:\\Users\\irem\\Desktop\\WEB_PROGRAMLAMA_FINAL_PROJE\\frontend\\src\\services\\api.js": {"lines":{"total":41,"covered":0,"skipped":0,"pct":0},"functions":{"total":14,"covered":0,"skipped":0,"pct":0},"statements":{"total":41,"covered":0,"skipped":0,"pct":0},"branches":{"total":10,"covered":0,"skipped":0,"pct":0}}
}
