TN:
SF:src\App.jsx
FN:1,(empty-report)
FNF:1
FNH:0
FNDA:0,(empty-report)
DA:1,0
DA:2,0
DA:3,0
DA:4,0
DA:5,0
DA:6,0
DA:7,0
DA:8,0
DA:9,0
DA:10,0
DA:11,0
DA:12,0
DA:13,0
DA:14,0
DA:15,0
DA:16,0
DA:17,0
DA:18,0
DA:19,0
DA:20,0
DA:21,0
DA:22,0
DA:23,0
DA:24,0
DA:25,0
DA:26,0
DA:27,0
DA:28,0
DA:29,0
DA:30,0
DA:31,0
DA:32,0
DA:33,0
DA:34,0
DA:35,0
DA:36,0
DA:37,0
DA:38,0
DA:39,0
DA:40,0
DA:41,0
DA:42,0
DA:43,0
DA:44,0
DA:45,0
DA:46,0
DA:47,0
DA:48,0
DA:49,0
DA:50,0
DA:51,0
DA:52,0
DA:53,0
DA:54,0
DA:55,0
DA:56,0
DA:57,0
DA:58,0
DA:59,0
DA:60,0
LF:60
LH:0
BRDA:1,0,0,0
BRF:1
BRH:0
end_of_record
TN:
SF:src\theme.js
FN:1,(empty-report)
FNF:1
FNH:0
FNDA:0,(empty-report)
DA:1,0
DA:2,0
DA:3,0
DA:4,0
DA:5,0
DA:6,0
DA:7,0
DA:8,0
DA:9,0
DA:10,0
DA:11,0
DA:12,0
DA:13,0
DA:14,0
DA:15,0
DA:16,0
DA:17,0
DA:18,0
DA:19,0
DA:20,0
DA:21,0
DA:22,0
DA:23,0
DA:24,0
DA:25,0
DA:26,0
DA:27,0
DA:28,0
DA:29,0
DA:30,0
DA:31,0
DA:32,0
DA:33,0
DA:34,0
DA:35,0
DA:36,0
DA:37,0
DA:38,0
DA:39,0
DA:40,0
DA:41,0
DA:42,0
DA:43,0
DA:44,0
DA:45,0
DA:46,0
DA:47,0
DA:48,0
DA:49,0
DA:50,0
DA:51,0
DA:52,0
DA:53,0
DA:54,0
DA:55,0
DA:56,0
DA:57,0
DA:58,0
DA:59,0
DA:60,0
DA:61,0
DA:62,0
DA:63,0
DA:64,0
DA:65,0
DA:66,0
DA:67,0
DA:68,0
DA:69,0
DA:70,0
DA:71,0
DA:72,0
DA:73,0
DA:74,0
DA:75,0
DA:76,0
DA:77,0
DA:78,0
DA:79,0
DA:80,0
DA:81,0
DA:82,0
DA:83,0
DA:84,0
DA:85,0
DA:86,0
DA:87,0
DA:88,0
DA:89,0
DA:90,0
DA:91,0
DA:92,0
DA:93,0
DA:94,0
DA:95,0
DA:96,0
DA:97,0
DA:98,0
DA:99,0
DA:100,0
DA:101,0
DA:102,0
DA:103,0
DA:104,0
DA:105,0
DA:106,0
DA:107,0
DA:108,0
DA:109,0
DA:110,0
DA:111,0
DA:112,0
DA:113,0
DA:114,0
DA:115,0
DA:116,0
DA:117,0
DA:118,0
DA:119,0
DA:120,0
DA:121,0
DA:122,0
DA:123,0
DA:124,0
DA:125,0
DA:126,0
DA:127,0
DA:128,0
DA:129,0
DA:130,0
DA:131,0
DA:132,0
DA:133,0
DA:134,0
DA:135,0
DA:136,0
DA:137,0
DA:138,0
DA:139,0
DA:140,0
DA:141,0
DA:142,0
DA:143,0
DA:144,0
DA:145,0
DA:146,0
DA:147,0
DA:148,0
DA:149,0
DA:150,0
DA:151,0
DA:152,0
LF:152
LH:0
BRDA:1,0,0,0
BRF:1
BRH:0
end_of_record
TN:
SF:src\components\Layout.jsx
FN:39,Layout
FN:48,handleDrawerToggle
FN:52,handleMenuOpen
FN:56,handleMenuClose
FN:60,handleLogout
FN:163,onClick
FN:352,onClick
FNF:7
FNH:3
FNDA:19,Layout
FNDA:1,handleDrawerToggle
FNDA:0,handleMenuOpen
FNDA:0,handleMenuClose
FNDA:0,handleLogout
FNDA:5,onClick
FNDA:0,onClick
DA:1,1
DA:2,1
DA:3,1
DA:4,1
DA:5,1
DA:6,1
DA:7,1
DA:8,1
DA:9,1
DA:10,1
DA:11,1
DA:12,1
DA:13,1
DA:14,1
DA:15,1
DA:16,1
DA:17,1
DA:18,1
DA:19,1
DA:20,1
DA:21,1
DA:22,1
DA:23,1
DA:24,1
DA:25,1
DA:26,1
DA:27,1
DA:28,1
DA:29,1
DA:30,1
DA:31,1
DA:32,1
DA:33,1
DA:34,1
DA:35,1
DA:36,1
DA:37,1
DA:38,1
DA:39,1
DA:40,19
DA:41,19
DA:42,19
DA:43,19
DA:44,19
DA:45,19
DA:46,19
DA:47,19
DA:48,19
DA:49,1
DA:50,1
DA:51,19
DA:52,19
DA:53,0
DA:54,0
DA:55,19
DA:56,19
DA:57,0
DA:58,0
DA:59,19
DA:60,19
DA:61,0
DA:62,0
DA:63,0
DA:64,19
DA:65,19
DA:66,19
DA:67,19
DA:68,19
DA:69,19
DA:70,19
DA:71,19
DA:72,19
DA:73,19
DA:74,19
DA:75,19
DA:76,19
DA:77,19
DA:78,19
DA:79,19
DA:80,19
DA:81,19
DA:82,19
DA:83,19
DA:84,19
DA:85,19
DA:86,19
DA:87,19
DA:88,19
DA:89,19
DA:90,19
DA:91,19
DA:92,19
DA:93,19
DA:94,19
DA:95,19
DA:96,19
DA:97,19
DA:98,19
DA:99,19
DA:100,19
DA:101,19
DA:102,19
DA:103,19
DA:104,19
DA:105,19
DA:106,19
DA:107,19
DA:108,19
DA:109,19
DA:110,19
DA:111,19
DA:112,19
DA:113,19
DA:114,19
DA:115,19
DA:116,19
DA:117,19
DA:118,19
DA:119,19
DA:120,19
DA:121,19
DA:122,19
DA:123,19
DA:124,19
DA:125,19
DA:126,19
DA:127,19
DA:128,19
DA:129,19
DA:130,19
DA:131,19
DA:132,19
DA:133,19
DA:134,19
DA:135,19
DA:136,19
DA:137,19
DA:138,19
DA:139,19
DA:140,19
DA:141,2
DA:142,2
DA:143,2
DA:144,2
DA:145,2
DA:146,2
DA:147,2
DA:148,2
DA:149,2
DA:150,2
DA:151,2
DA:152,2
DA:153,19
DA:154,19
DA:155,19
DA:156,19
DA:157,19
DA:158,19
DA:159,38
DA:160,38
DA:161,38
DA:162,38
DA:163,38
DA:164,5
DA:165,5
DA:166,5
DA:167,38
DA:168,38
DA:169,38
DA:170,38
DA:171,38
DA:172,38
DA:173,38
DA:174,38
DA:175,38
DA:176,38
DA:177,38
DA:178,38
DA:179,38
DA:180,38
DA:181,38
DA:182,38
DA:183,38
DA:184,38
DA:185,38
DA:186,38
DA:187,38
DA:188,38
DA:189,38
DA:190,38
DA:191,38
DA:192,38
DA:193,38
DA:194,38
DA:195,38
DA:196,38
DA:197,38
DA:198,38
DA:199,38
DA:200,38
DA:201,38
DA:202,38
DA:203,38
DA:204,38
DA:205,38
DA:206,38
DA:207,19
DA:208,19
DA:209,19
DA:210,19
DA:211,19
DA:212,19
DA:213,19
DA:214,19
DA:215,19
DA:216,38
DA:217,38
DA:218,38
DA:219,38
DA:220,38
DA:221,38
DA:222,38
DA:223,38
DA:224,38
DA:225,38
DA:226,38
DA:227,38
DA:228,38
DA:229,38
DA:230,38
DA:231,38
DA:232,38
DA:233,38
DA:234,38
DA:235,38
DA:236,38
DA:237,38
DA:238,38
DA:239,38
DA:240,38
DA:241,19
DA:242,19
DA:243,19
DA:244,19
DA:245,19
DA:246,19
DA:247,19
DA:248,19
DA:249,19
DA:250,19
DA:251,19
DA:252,19
DA:253,19
DA:254,19
DA:255,19
DA:256,19
DA:257,19
DA:258,19
DA:259,19
DA:260,19
DA:261,19
DA:262,19
DA:263,19
DA:264,19
DA:265,19
DA:266,19
DA:267,19
DA:268,19
DA:269,19
DA:270,19
DA:271,19
DA:272,19
DA:273,19
DA:274,19
DA:275,19
DA:276,19
DA:277,19
DA:278,19
DA:279,19
DA:280,19
DA:281,19
DA:282,19
DA:283,19
DA:284,19
DA:285,19
DA:286,19
DA:287,19
DA:288,19
DA:289,19
DA:290,19
DA:291,19
DA:292,19
DA:293,19
DA:294,19
DA:295,19
DA:296,17
DA:297,17
DA:298,17
DA:299,17
DA:300,17
DA:301,17
DA:302,17
DA:303,2
DA:304,2
DA:305,2
DA:306,2
DA:307,2
DA:308,2
DA:309,2
DA:310,2
DA:311,19
DA:312,19
DA:313,19
DA:314,19
DA:315,19
DA:316,19
DA:317,19
DA:318,19
DA:319,19
DA:320,19
DA:321,19
DA:322,19
DA:323,19
DA:324,19
DA:325,19
DA:326,19
DA:327,19
DA:328,19
DA:329,19
DA:330,19
DA:331,19
DA:332,19
DA:333,19
DA:334,19
DA:335,19
DA:336,19
DA:337,19
DA:338,19
DA:339,19
DA:340,19
DA:341,19
DA:342,19
DA:343,19
DA:344,19
DA:345,19
DA:346,19
DA:347,19
DA:348,19
DA:349,19
DA:350,19
DA:351,19
DA:352,19
DA:353,19
DA:354,19
DA:355,19
DA:356,19
DA:357,19
DA:358,19
DA:359,19
DA:360,19
DA:361,19
DA:362,19
DA:363,19
DA:364,19
DA:365,19
DA:366,19
DA:367,19
DA:368,19
DA:369,19
DA:370,19
DA:371,19
DA:372,19
DA:373,19
DA:374,19
DA:375,19
DA:376,19
DA:377,19
DA:378,19
DA:379,19
DA:380,19
DA:381,19
DA:382,19
DA:383,19
DA:384,19
DA:385,19
DA:386,19
DA:387,19
DA:388,19
DA:389,19
DA:390,19
DA:391,19
DA:392,19
DA:393,19
DA:394,19
DA:395,19
DA:396,19
DA:397,19
DA:398,19
DA:399,19
DA:400,19
DA:401,19
DA:402,19
DA:403,19
DA:404,19
DA:405,19
DA:406,19
DA:407,19
DA:408,19
DA:409,19
DA:410,19
DA:411,19
DA:412,19
DA:413,19
DA:414,19
DA:415,19
DA:416,19
DA:417,19
DA:418,19
DA:419,19
DA:420,19
DA:421,19
DA:422,19
DA:423,19
DA:424,19
DA:425,19
DA:426,19
DA:427,19
DA:428,19
DA:429,19
DA:430,19
DA:431,19
DA:432,19
DA:433,19
DA:434,19
DA:435,19
DA:436,19
DA:437,19
DA:438,19
DA:439,19
DA:440,19
DA:441,19
DA:442,19
DA:443,1
DA:444,1
LF:444
LH:437
BRDA:39,0,0,19
BRDA:109,1,0,18
BRDA:109,2,0,1
BRDA:109,3,0,18
BRDA:123,4,0,18
BRDA:123,5,0,18
BRDA:126,6,0,18
BRDA:126,7,0,18
BRDA:129,8,0,18
BRDA:129,9,0,17
BRDA:129,10,0,2
BRDA:129,11,0,1
BRDA:129,12,0,1
BRDA:129,13,0,1
BRDA:129,14,0,0
BRDA:140,15,0,18
BRDA:140,16,0,2
BRDA:295,17,0,18
BRDA:295,18,0,17
BRDA:303,19,0,2
BRDA:323,20,0,18
BRDA:323,21,0,1
BRDA:323,22,0,18
BRDA:48,23,0,1
BRDA:158,24,0,38
BRDA:169,25,0,19
BRDA:170,26,0,19
BRDA:175,27,0,19
BRDA:175,28,0,19
BRDA:176,29,0,19
BRDA:177,30,0,19
BRDA:180,31,0,19
BRDA:180,32,0,19
BRDA:183,33,0,19
BRDA:183,34,0,19
BRDA:187,35,0,19
BRDA:187,36,0,19
BRDA:191,37,0,19
BRDA:192,38,0,19
BRDA:197,39,0,19
BRDA:197,40,0,19
BRDA:200,41,0,19
BRDA:200,42,0,19
BRDA:203,43,0,19
BRDA:203,44,0,19
BRDA:206,45,0,19
BRDA:216,46,0,19
BRDA:219,47,0,19
BRDA:219,48,0,19
BRDA:226,49,0,19
BRDA:226,50,0,19
BRDA:234,51,0,19
BRDA:234,52,0,19
BRDA:163,53,0,5
BRDA:165,54,0,0
BRF:55
BRH:53
end_of_record
TN:
SF:src\components\ProtectedRoute.jsx
FN:4,ProtectedRoute
FNF:1
FNH:1
FNDA:3,ProtectedRoute
DA:1,1
DA:2,1
DA:3,1
DA:4,1
DA:5,3
DA:6,3
DA:7,3
DA:8,1
DA:9,1
DA:10,2
DA:11,3
DA:12,1
DA:13,1
DA:14,1
DA:15,1
DA:16,1
DA:17,1
DA:18,1
LF:18
LH:18
BRDA:4,0,0,3
BRDA:7,1,0,1
BRDA:9,2,0,2
BRDA:11,3,0,1
BRF:4
BRH:4
end_of_record
TN:
SF:src\context\AuthContext.jsx
FN:6,useAuth
FN:14,AuthProvider
FN:46,login
FN:65,register
FN:79,logout
FN:93,updateUser
FNF:6
FNH:6
FNDA:27,useAuth
FNDA:23,AuthProvider
FNDA:2,login
FNDA:2,register
FNDA:1,logout
FNDA:1,updateUser
DA:1,1
DA:2,1
DA:3,1
DA:4,1
DA:5,1
DA:6,1
DA:7,27
DA:8,27
DA:9,4
DA:10,4
DA:11,23
DA:12,23
DA:13,1
DA:14,1
DA:15,23
DA:16,23
DA:17,23
DA:18,23
DA:19,9
DA:20,9
DA:21,9
DA:22,9
DA:23,9
DA:24,3
DA:25,3
DA:26,3
DA:27,3
DA:28,1
DA:29,1
DA:30,3
DA:31,3
DA:32,2
DA:33,2
DA:34,2
DA:35,2
DA:36,2
DA:37,3
DA:38,3
DA:39,3
DA:40,3
DA:41,9
DA:42,6
DA:43,6
DA:44,23
DA:45,23
DA:46,23
DA:47,2
DA:48,2
DA:49,1
DA:50,1
DA:51,1
DA:52,1
DA:53,1
DA:54,1
DA:55,1
DA:56,1
DA:57,1
DA:58,1
DA:59,1
DA:60,1
DA:61,1
DA:62,1
DA:63,2
DA:64,23
DA:65,23
DA:66,2
DA:67,2
DA:68,1
DA:69,1
DA:70,1
DA:71,1
DA:72,1
DA:73,1
DA:74,1
DA:75,1
DA:76,1
DA:77,2
DA:78,23
DA:79,23
DA:80,1
DA:81,1
DA:82,1
DA:83,0
DA:84,1
DA:85,1
DA:86,1
DA:87,1
DA:88,1
DA:89,1
DA:90,1
DA:91,1
DA:92,23
DA:93,23
DA:94,1
DA:95,1
DA:96,1
DA:97,23
DA:98,23
DA:99,23
DA:100,23
DA:101,23
DA:102,23
DA:103,23
DA:104,23
DA:105,23
DA:106,23
DA:107,23
DA:108,23
LF:108
LH:107
BRDA:6,0,0,27
BRDA:8,1,0,4
BRDA:10,2,0,23
BRDA:14,3,0,23
BRDA:18,4,0,9
BRDA:23,5,0,3
BRDA:23,6,0,3
BRDA:41,7,0,6
BRDA:27,8,0,1
BRDA:31,9,0,2
BRDA:38,10,0,3
BRDA:46,11,0,2
BRDA:49,12,0,1
BRDA:60,13,0,0
BRDA:65,14,0,2
BRDA:68,15,0,1
BRDA:71,16,0,0
BRDA:71,17,0,0
BRDA:79,18,0,1
BRDA:82,19,0,0
BRDA:93,20,0,1
BRF:21
BRH:17
end_of_record
TN:
SF:src\pages\Dashboard.jsx
FN:36,StatCard
FN:118,Dashboard
FN:128,loadProfile
FN:139,getRoleText
FN:374,onClick
FN:514,onClick
FNF:6
FNH:4
FNDA:20,StatCard
FNDA:11,Dashboard
FNDA:6,loadProfile
FNDA:10,getRoleText
FNDA:0,onClick
FNDA:0,onClick
DA:1,1
DA:2,1
DA:3,1
DA:4,1
DA:5,1
DA:6,1
DA:7,1
DA:8,1
DA:9,1
DA:10,1
DA:11,1
DA:12,1
DA:13,1
DA:14,1
DA:15,1
DA:16,1
DA:17,1
DA:18,1
DA:19,1
DA:20,1
DA:21,1
DA:22,1
DA:23,1
DA:24,1
DA:25,1
DA:26,1
DA:27,1
DA:28,1
DA:29,1
DA:30,1
DA:31,1
DA:32,1
DA:33,1
DA:34,1
DA:35,1
DA:36,1
DA:37,20
DA:38,20
DA:39,20
DA:40,20
DA:41,20
DA:42,20
DA:43,20
DA:44,20
DA:45,20
DA:46,20
DA:47,20
DA:48,20
DA:49,20
DA:50,20
DA:51,20
DA:52,20
DA:53,20
DA:54,20
DA:55,20
DA:56,20
DA:57,20
DA:58,20
DA:59,20
DA:60,20
DA:61,20
DA:62,20
DA:63,20
DA:64,20
DA:65,20
DA:66,20
DA:67,20
DA:68,20
DA:69,20
DA:70,20
DA:71,20
DA:72,20
DA:73,20
DA:74,20
DA:75,20
DA:76,20
DA:77,20
DA:78,20
DA:79,20
DA:80,20
DA:81,20
DA:82,20
DA:83,20
DA:84,20
DA:85,20
DA:86,20
DA:87,20
DA:88,20
DA:89,20
DA:90,20
DA:91,20
DA:92,20
DA:93,20
DA:94,20
DA:95,20
DA:96,20
DA:97,20
DA:98,20
DA:99,20
DA:100,20
DA:101,20
DA:102,20
DA:103,20
DA:104,20
DA:105,20
DA:106,20
DA:107,20
DA:108,20
DA:109,20
DA:110,20
DA:111,20
DA:112,20
DA:113,20
DA:114,20
DA:115,20
DA:116,1
DA:117,1
DA:118,1
DA:119,11
DA:120,11
DA:121,11
DA:122,11
DA:123,11
DA:124,11
DA:125,6
DA:126,11
DA:127,11
DA:128,11
DA:129,6
DA:130,6
DA:131,4
DA:132,6
DA:133,1
DA:134,6
DA:135,5
DA:136,5
DA:137,6
DA:138,11
DA:139,11
DA:140,10
DA:141,10
DA:142,10
DA:143,10
DA:144,10
DA:145,10
DA:146,10
DA:147,10
DA:148,11
DA:149,11
DA:150,6
DA:151,6
DA:152,6
DA:153,6
DA:154,6
DA:155,6
DA:156,5
DA:157,5
DA:158,5
DA:159,5
DA:160,5
DA:161,5
DA:162,5
DA:163,5
DA:164,5
DA:165,5
DA:166,5
DA:167,5
DA:168,5
DA:169,5
DA:170,5
DA:171,5
DA:172,5
DA:173,5
DA:174,5
DA:175,5
DA:176,5
DA:177,5
DA:178,5
DA:179,5
DA:180,5
DA:181,11
DA:182,11
DA:183,11
DA:184,11
DA:185,11
DA:186,11
DA:187,11
DA:188,11
DA:189,11
DA:190,11
DA:191,11
DA:192,11
DA:193,11
DA:194,11
DA:195,11
DA:196,11
DA:197,11
DA:198,11
DA:199,11
DA:200,11
DA:201,11
DA:202,11
DA:203,11
DA:204,11
DA:205,11
DA:206,11
DA:207,11
DA:208,11
DA:209,11
DA:210,11
DA:211,11
DA:212,11
DA:213,11
DA:214,11
DA:215,11
DA:216,11
DA:217,11
DA:218,11
DA:219,11
DA:220,11
DA:221,11
DA:222,11
DA:223,11
DA:224,11
DA:225,11
DA:226,11
DA:227,11
DA:228,11
DA:229,11
DA:230,11
DA:231,11
DA:232,11
DA:233,11
DA:234,11
DA:235,11
DA:236,11
DA:237,11
DA:238,11
DA:239,11
DA:240,11
DA:241,11
DA:242,11
DA:243,11
DA:244,11
DA:245,11
DA:246,11
DA:247,11
DA:248,11
DA:249,11
DA:250,11
DA:251,11
DA:252,11
DA:253,11
DA:254,11
DA:255,11
DA:256,11
DA:257,11
DA:258,11
DA:259,11
DA:260,11
DA:261,11
DA:262,11
DA:263,11
DA:264,11
DA:265,11
DA:266,11
DA:267,11
DA:268,11
DA:269,11
DA:270,11
DA:271,11
DA:272,11
DA:273,11
DA:274,11
DA:275,11
DA:276,11
DA:277,11
DA:278,11
DA:279,11
DA:280,11
DA:281,11
DA:282,11
DA:283,11
DA:284,11
DA:285,11
DA:286,11
DA:287,11
DA:288,11
DA:289,3
DA:290,2
DA:291,2
DA:292,11
DA:293,11
DA:294,11
DA:295,11
DA:296,11
DA:297,11
DA:298,11
DA:299,11
DA:300,11
DA:301,11
DA:302,11
DA:303,11
DA:304,11
DA:305,11
DA:306,11
DA:307,11
DA:308,11
DA:309,11
DA:310,11
DA:311,11
DA:312,3
DA:313,3
DA:314,3
DA:315,3
DA:316,3
DA:317,3
DA:318,3
DA:319,2
DA:320,2
DA:321,2
DA:322,2
DA:323,2
DA:324,2
DA:325,2
DA:326,2
DA:327,11
DA:328,11
DA:329,11
DA:330,2
DA:331,2
DA:332,2
DA:333,2
DA:334,2
DA:335,2
DA:336,2
DA:337,2
DA:338,2
DA:339,2
DA:340,2
DA:341,2
DA:342,2
DA:343,2
DA:344,2
DA:345,2
DA:346,2
DA:347,2
DA:348,2
DA:349,11
DA:350,11
DA:351,1
DA:352,1
DA:353,1
DA:354,1
DA:355,1
DA:356,1
DA:357,1
DA:358,1
DA:359,1
DA:360,1
DA:361,1
DA:362,1
DA:363,1
DA:364,1
DA:365,1
DA:366,1
DA:367,1
DA:368,1
DA:369,1
DA:370,11
DA:371,11
DA:372,11
DA:373,11
DA:374,11
DA:375,11
DA:376,11
DA:377,11
DA:378,11
DA:379,11
DA:380,11
DA:381,11
DA:382,11
DA:383,11
DA:384,11
DA:385,11
DA:386,11
DA:387,11
DA:388,11
DA:389,11
DA:390,11
DA:391,11
DA:392,11
DA:393,11
DA:394,11
DA:395,11
DA:396,11
DA:397,11
DA:398,11
DA:399,11
DA:400,11
DA:401,11
DA:402,11
DA:403,11
DA:404,11
DA:405,11
DA:406,11
DA:407,11
DA:408,11
DA:409,11
DA:410,11
DA:411,11
DA:412,11
DA:413,11
DA:414,11
DA:415,11
DA:416,11
DA:417,11
DA:418,11
DA:419,11
DA:420,11
DA:421,11
DA:422,11
DA:423,11
DA:424,11
DA:425,11
DA:426,11
DA:427,11
DA:428,11
DA:429,11
DA:430,11
DA:431,11
DA:432,11
DA:433,20
DA:434,20
DA:435,20
DA:436,20
DA:437,20
DA:438,20
DA:439,20
DA:440,20
DA:441,20
DA:442,20
DA:443,20
DA:444,20
DA:445,20
DA:446,20
DA:447,20
DA:448,20
DA:449,20
DA:450,20
DA:451,20
DA:452,20
DA:453,20
DA:454,20
DA:455,20
DA:456,20
DA:457,20
DA:458,20
DA:459,20
DA:460,20
DA:461,20
DA:462,20
DA:463,20
DA:464,20
DA:465,20
DA:466,20
DA:467,20
DA:468,20
DA:469,20
DA:470,20
DA:471,11
DA:472,11
DA:473,11
DA:474,11
DA:475,11
DA:476,11
DA:477,11
DA:478,11
DA:479,11
DA:480,11
DA:481,11
DA:482,11
DA:483,11
DA:484,11
DA:485,11
DA:486,11
DA:487,11
DA:488,11
DA:489,11
DA:490,11
DA:491,11
DA:492,11
DA:493,11
DA:494,11
DA:495,11
DA:496,11
DA:497,11
DA:498,11
DA:499,11
DA:500,11
DA:501,11
DA:502,11
DA:503,11
DA:504,11
DA:505,11
DA:506,11
DA:507,11
DA:508,11
DA:509,11
DA:510,11
DA:511,11
DA:512,11
DA:513,11
DA:514,11
DA:515,11
DA:516,11
DA:517,11
DA:518,11
DA:519,11
DA:520,11
DA:521,11
DA:522,11
DA:523,11
DA:524,11
DA:525,11
DA:526,11
DA:527,11
DA:528,11
DA:529,11
DA:530,11
DA:531,11
DA:532,11
DA:533,11
DA:534,11
DA:535,11
DA:536,11
DA:537,11
DA:538,11
DA:539,11
DA:540,11
DA:541,11
DA:542,11
DA:543,11
DA:544,11
DA:545,11
DA:546,11
DA:547,11
DA:548,11
DA:549,11
DA:550,11
DA:551,11
DA:552,11
DA:553,11
DA:554,11
DA:555,11
DA:556,11
DA:557,11
DA:558,11
DA:559,11
DA:560,11
DA:561,11
DA:562,11
DA:563,11
DA:564,11
DA:565,11
DA:566,11
DA:567,11
DA:568,11
DA:569,11
DA:570,11
DA:571,11
DA:572,11
DA:573,11
DA:574,1
DA:575,1
LF:575
LH:575
BRDA:36,0,0,20
BRDA:64,1,0,5
BRDA:64,2,0,15
BRDA:64,3,0,8
BRDA:64,4,0,7
BRDA:64,5,0,2
BRDA:64,6,0,5
BRDA:78,7,0,5
BRDA:78,8,0,15
BRDA:78,9,0,8
BRDA:78,10,0,7
BRDA:78,11,0,2
BRDA:78,12,0,5
BRDA:78,13,0,5
BRDA:78,14,0,15
BRDA:78,15,0,8
BRDA:78,16,0,7
BRDA:78,17,0,2
BRDA:78,18,0,5
BRDA:98,19,0,5
BRDA:98,20,0,15
BRDA:98,21,0,8
BRDA:98,22,0,7
BRDA:98,23,0,2
BRDA:98,24,0,5
BRDA:98,25,0,5
BRDA:98,26,0,15
BRDA:98,27,0,8
BRDA:98,28,0,7
BRDA:98,29,0,2
BRDA:98,30,0,5
BRDA:103,31,0,5
BRDA:103,32,0,15
BRDA:103,33,0,8
BRDA:103,34,0,7
BRDA:103,35,0,2
BRDA:103,36,0,5
BRDA:118,37,0,11
BRDA:149,38,0,6
BRDA:155,39,0,5
BRDA:181,40,0,4
BRDA:203,41,0,4
BRDA:203,42,0,3
BRDA:203,43,0,2
BRDA:204,44,0,4
BRDA:204,45,0,3
BRDA:204,46,0,2
BRDA:205,47,0,4
BRDA:205,48,0,3
BRDA:205,49,0,2
BRDA:206,50,0,4
BRDA:206,51,0,3
BRDA:206,52,0,2
BRDA:213,53,0,4
BRDA:260,54,0,4
BRDA:260,55,0,0
BRDA:260,56,0,5
BRDA:270,57,0,4
BRDA:270,58,0,4
BRDA:280,59,0,4
BRDA:280,60,0,3
BRDA:280,61,0,2
BRDA:288,62,0,4
BRDA:288,63,0,3
BRDA:290,64,0,2
BRDA:296,65,0,4
BRDA:296,66,0,4
BRDA:299,67,0,4
BRDA:303,68,0,4
BRDA:311,69,0,4
BRDA:311,70,0,3
BRDA:319,71,0,2
BRDA:329,72,0,4
BRDA:329,73,0,2
BRDA:350,74,0,4
BRDA:350,75,0,1
BRDA:124,76,0,6
BRDA:128,77,0,6
BRDA:131,78,0,4
BRDA:132,79,0,1
BRDA:134,80,0,5
BRDA:139,81,0,10
BRDA:146,82,0,2
BRDA:432,83,0,20
BRF:84
BRH:83
end_of_record
TN:
SF:src\pages\ForgotPassword.jsx
FN:15,ForgotPassword
FN:20,handleSubmit
FN:67,onChange
FNF:3
FNH:3
FNDA:15,ForgotPassword
FNDA:3,handleSubmit
FNDA:4,onChange
DA:1,1
DA:2,1
DA:3,1
DA:4,1
DA:5,1
DA:6,1
DA:7,1
DA:8,1
DA:9,1
DA:10,1
DA:11,1
DA:12,1
DA:13,1
DA:14,1
DA:15,1
DA:16,15
DA:17,15
DA:18,15
DA:19,15
DA:20,15
DA:21,3
DA:22,3
DA:23,3
DA:24,3
DA:25,3
DA:26,1
DA:27,1
DA:28,1
DA:29,1
DA:30,1
DA:31,2
DA:32,2
DA:33,2
DA:34,15
DA:35,15
DA:36,15
DA:37,15
DA:38,15
DA:39,15
DA:40,15
DA:41,15
DA:42,15
DA:43,15
DA:44,15
DA:45,15
DA:46,15
DA:47,15
DA:48,15
DA:49,15
DA:50,15
DA:51,1
DA:52,1
DA:53,1
DA:54,15
DA:55,15
DA:56,15
DA:57,15
DA:58,15
DA:59,15
DA:60,15
DA:61,15
DA:62,15
DA:63,15
DA:64,15
DA:65,15
DA:66,15
DA:67,15
DA:68,15
DA:69,15
DA:70,15
DA:71,15
DA:72,15
DA:73,15
DA:74,15
DA:75,15
DA:76,15
DA:77,15
DA:78,15
DA:79,15
DA:80,15
DA:81,15
DA:82,15
DA:83,15
DA:84,15
DA:85,15
DA:86,15
DA:87,15
DA:88,15
DA:89,15
DA:90,15
DA:91,1
DA:92,1
LF:92
LH:92
BRDA:15,0,0,15
BRDA:50,1,0,1
BRDA:74,2,0,12
BRDA:76,3,0,3
BRDA:76,4,0,12
BRDA:20,5,0,3
BRDA:26,6,0,1
BRDA:29,7,0,0
BRDA:30,8,0,2
BRDA:67,9,0,4
BRF:10
BRH:9
end_of_record
TN:
SF:src\pages\Login.jsx
FN:32,Login
FN:41,handleSubmit
FN:194,onChange
FN:226,onChange
FN:251,onClick
FNF:5
FNH:5
FNDA:24,Login
FNDA:3,handleSubmit
FNDA:4,onChange
FNDA:4,onChange
FNDA:2,onClick
DA:1,1
DA:2,1
DA:3,1
DA:4,1
DA:5,1
DA:6,1
DA:7,1
DA:8,1
DA:9,1
DA:10,1
DA:11,1
DA:12,1
DA:13,1
DA:14,1
DA:15,1
DA:16,1
DA:17,1
DA:18,1
DA:19,1
DA:20,1
DA:21,1
DA:22,1
DA:23,1
DA:24,1
DA:25,1
DA:26,1
DA:27,1
DA:28,1
DA:29,1
DA:30,1
DA:31,1
DA:32,1
DA:33,24
DA:34,24
DA:35,24
DA:36,24
DA:37,24
DA:38,24
DA:39,24
DA:40,24
DA:41,24
DA:42,3
DA:43,3
DA:44,3
DA:45,3
DA:46,3
DA:47,2
DA:48,3
DA:49,1
DA:50,1
DA:51,1
DA:52,1
DA:53,1
DA:54,1
DA:55,2
DA:56,2
DA:57,2
DA:58,24
DA:59,24
DA:60,24
DA:61,24
DA:62,24
DA:63,24
DA:64,24
DA:65,24
DA:66,24
DA:67,24
DA:68,24
DA:69,24
DA:70,24
DA:71,24
DA:72,24
DA:73,24
DA:74,24
DA:75,24
DA:76,24
DA:77,24
DA:78,24
DA:79,24
DA:80,24
DA:81,24
DA:82,24
DA:83,24
DA:84,24
DA:85,24
DA:86,24
DA:87,24
DA:88,24
DA:89,24
DA:90,24
DA:91,24
DA:92,24
DA:93,24
DA:94,24
DA:95,24
DA:96,24
DA:97,24
DA:98,24
DA:99,24
DA:100,24
DA:101,24
DA:102,24
DA:103,24
DA:104,24
DA:105,24
DA:106,24
DA:107,24
DA:108,24
DA:109,24
DA:110,24
DA:111,24
DA:112,24
DA:113,24
DA:114,24
DA:115,24
DA:116,24
DA:117,24
DA:118,24
DA:119,24
DA:120,24
DA:121,24
DA:122,24
DA:123,24
DA:124,24
DA:125,24
DA:126,24
DA:127,24
DA:128,24
DA:129,24
DA:130,24
DA:131,24
DA:132,24
DA:133,24
DA:134,24
DA:135,24
DA:136,24
DA:137,24
DA:138,24
DA:139,24
DA:140,24
DA:141,24
DA:142,24
DA:143,24
DA:144,24
DA:145,24
DA:146,24
DA:147,24
DA:148,24
DA:149,24
DA:150,24
DA:151,24
DA:152,24
DA:153,24
DA:154,24
DA:155,24
DA:156,24
DA:157,24
DA:158,24
DA:159,24
DA:160,24
DA:161,24
DA:162,24
DA:163,24
DA:164,24
DA:165,24
DA:166,24
DA:167,24
DA:168,24
DA:169,24
DA:170,24
DA:171,1
DA:172,1
DA:173,1
DA:174,1
DA:175,1
DA:176,1
DA:177,1
DA:178,1
DA:179,1
DA:180,1
DA:181,1
DA:182,24
DA:183,24
DA:184,24
DA:185,24
DA:186,24
DA:187,24
DA:188,24
DA:189,24
DA:190,24
DA:191,24
DA:192,24
DA:193,24
DA:194,24
DA:195,24
DA:196,24
DA:197,24
DA:198,24
DA:199,24
DA:200,24
DA:201,24
DA:202,24
DA:203,24
DA:204,24
DA:205,24
DA:206,24
DA:207,24
DA:208,24
DA:209,24
DA:210,24
DA:211,24
DA:212,24
DA:213,24
DA:214,24
DA:215,24
DA:216,24
DA:217,24
DA:218,24
DA:219,24
DA:220,24
DA:221,24
DA:222,24
DA:223,24
DA:224,24
DA:225,24
DA:226,24
DA:227,24
DA:228,24
DA:229,24
DA:230,24
DA:231,24
DA:232,24
DA:233,24
DA:234,24
DA:235,24
DA:236,24
DA:237,24
DA:238,24
DA:239,24
DA:240,24
DA:241,24
DA:242,24
DA:243,24
DA:244,24
DA:245,24
DA:246,24
DA:247,24
DA:248,24
DA:249,24
DA:250,24
DA:251,24
DA:252,24
DA:253,24
DA:254,24
DA:255,24
DA:256,24
DA:257,24
DA:258,24
DA:259,24
DA:260,24
DA:261,24
DA:262,24
DA:263,24
DA:264,24
DA:265,24
DA:266,24
DA:267,24
DA:268,24
DA:269,24
DA:270,24
DA:271,24
DA:272,24
DA:273,24
DA:274,24
DA:275,24
DA:276,24
DA:277,24
DA:278,24
DA:279,24
DA:280,24
DA:281,24
DA:282,24
DA:283,24
DA:284,24
DA:285,24
DA:286,24
DA:287,24
DA:288,24
DA:289,24
DA:290,24
DA:291,24
DA:292,24
DA:293,24
DA:294,24
DA:295,24
DA:296,24
DA:297,24
DA:298,24
DA:299,24
DA:300,24
DA:301,24
DA:302,24
DA:303,24
DA:304,24
DA:305,24
DA:306,24
DA:307,24
DA:308,24
DA:309,24
DA:310,24
DA:311,24
DA:312,24
DA:313,24
DA:314,24
DA:315,24
DA:316,24
DA:317,24
DA:318,24
DA:319,24
DA:320,24
DA:321,24
DA:322,24
DA:323,24
DA:324,24
DA:325,24
DA:326,24
DA:327,24
DA:328,24
DA:329,24
DA:330,24
DA:331,24
DA:332,24
DA:333,24
DA:334,24
DA:335,24
DA:336,24
DA:337,24
DA:338,24
DA:339,24
DA:340,24
DA:341,24
DA:342,24
DA:343,24
DA:344,24
DA:345,24
DA:346,24
DA:347,24
DA:348,24
DA:349,24
DA:350,24
DA:351,24
DA:352,24
DA:353,24
DA:354,1
DA:355,1
LF:355
LH:355
BRDA:32,0,0,24
BRDA:170,1,0,1
BRDA:222,2,0,1
BRDA:222,3,0,23
BRDA:258,4,0,1
BRDA:258,5,0,23
BRDA:270,6,0,3
BRDA:270,7,0,21
BRDA:290,8,0,3
BRDA:290,9,0,21
BRDA:41,10,0,3
BRDA:47,11,0,2
BRDA:48,12,0,1
BRDA:54,13,0,2
BRDA:194,14,0,4
BRDA:226,15,0,4
BRDA:251,16,0,2
BRF:17
BRH:17
end_of_record
TN:
SF:src\pages\Profile.jsx
FN:35,Profile
FN:52,loadProfile
FN:70,handleChange
FN:77,handleSubmit
FN:93,handleFileChange
FN:118,getRoleText
FN:141,onClick
FN:353,onClick
FNF:8
FNH:5
FNDA:17,Profile
FNDA:9,loadProfile
FNDA:0,handleChange
FNDA:1,handleSubmit
FNDA:1,handleFileChange
FNDA:10,getRoleText
FNDA:0,onClick
FNDA:0,onClick
DA:1,1
DA:2,1
DA:3,1
DA:4,1
DA:5,1
DA:6,1
DA:7,1
DA:8,1
DA:9,1
DA:10,1
DA:11,1
DA:12,1
DA:13,1
DA:14,1
DA:15,1
DA:16,1
DA:17,1
DA:18,1
DA:19,1
DA:20,1
DA:21,1
DA:22,1
DA:23,1
DA:24,1
DA:25,1
DA:26,1
DA:27,1
DA:28,1
DA:29,1
DA:30,1
DA:31,1
DA:32,1
DA:33,1
DA:34,1
DA:35,1
DA:36,17
DA:37,17
DA:38,17
DA:39,17
DA:40,17
DA:41,17
DA:42,17
DA:43,17
DA:44,17
DA:45,17
DA:46,17
DA:47,17
DA:48,17
DA:49,7
DA:50,17
DA:51,17
DA:52,17
DA:53,9
DA:54,9
DA:55,8
DA:56,8
DA:57,8
DA:58,9
DA:59,9
DA:60,9
DA:61,9
DA:62,9
DA:63,0
DA:64,0
DA:65,9
DA:66,8
DA:67,8
DA:68,9
DA:69,17
DA:70,17
DA:71,0
DA:72,0
DA:73,0
DA:74,0
DA:75,0
DA:76,17
DA:77,17
DA:78,1
DA:79,1
DA:80,1
DA:81,1
DA:82,1
DA:83,1
DA:84,1
DA:85,1
DA:86,1
DA:87,0
DA:88,0
DA:89,1
DA:90,1
DA:91,1
DA:92,17
DA:93,17
DA:94,1
DA:95,1
DA:96,1
DA:97,1
DA:98,0
DA:99,0
DA:100,0
DA:101,1
DA:102,1
DA:103,1
DA:104,1
DA:105,1
DA:106,1
DA:107,1
DA:108,1
DA:109,1
DA:110,1
DA:111,1
DA:112,0
DA:113,0
DA:114,1
DA:115,1
DA:116,1
DA:117,17
DA:118,17
DA:119,10
DA:120,10
DA:121,10
DA:122,10
DA:123,10
DA:124,10
DA:125,10
DA:126,10
DA:127,17
DA:128,17
DA:129,7
DA:130,7
DA:131,7
DA:132,7
DA:133,7
DA:134,7
DA:135,10
DA:136,10
DA:137,10
DA:138,10
DA:139,10
DA:140,10
DA:141,10
DA:142,10
DA:143,10
DA:144,10
DA:145,10
DA:146,10
DA:147,10
DA:148,10
DA:149,10
DA:150,10
DA:151,10
DA:152,10
DA:153,10
DA:154,10
DA:155,10
DA:156,10
DA:157,10
DA:158,10
DA:159,10
DA:160,10
DA:161,10
DA:162,17
DA:163,17
DA:164,17
DA:165,17
DA:166,17
DA:167,17
DA:168,17
DA:169,17
DA:170,17
DA:171,17
DA:172,17
DA:173,17
DA:174,17
DA:175,17
DA:176,17
DA:177,17
DA:178,17
DA:179,17
DA:180,17
DA:181,17
DA:182,17
DA:183,17
DA:184,17
DA:185,17
DA:186,17
DA:187,17
DA:188,17
DA:189,17
DA:190,17
DA:191,17
DA:192,17
DA:193,17
DA:194,17
DA:195,17
DA:196,17
DA:197,17
DA:198,17
DA:199,17
DA:200,17
DA:201,17
DA:202,17
DA:203,17
DA:204,17
DA:205,17
DA:206,17
DA:207,17
DA:208,17
DA:209,17
DA:210,17
DA:211,17
DA:212,17
DA:213,17
DA:214,0
DA:215,0
DA:216,0
DA:217,0
DA:218,0
DA:219,0
DA:220,10
DA:221,10
DA:222,10
DA:223,10
DA:224,10
DA:225,10
DA:226,10
DA:227,17
DA:228,17
DA:229,17
DA:230,17
DA:231,17
DA:232,17
DA:233,17
DA:234,17
DA:235,1
DA:236,1
DA:237,1
DA:238,1
DA:239,1
DA:240,1
DA:241,1
DA:242,1
DA:243,1
DA:244,1
DA:245,1
DA:246,1
DA:247,1
DA:248,1
DA:249,1
DA:250,1
DA:251,1
DA:252,1
DA:253,1
DA:254,1
DA:255,1
DA:256,1
DA:257,1
DA:258,1
DA:259,1
DA:260,1
DA:261,0
DA:262,0
DA:263,0
DA:264,0
DA:265,0
DA:266,0
DA:267,0
DA:268,0
DA:269,0
DA:270,0
DA:271,0
DA:272,0
DA:273,0
DA:274,0
DA:275,0
DA:276,0
DA:277,0
DA:278,0
DA:279,1
DA:280,1
DA:281,1
DA:282,17
DA:283,17
DA:284,17
DA:285,17
DA:286,17
DA:287,17
DA:288,17
DA:289,17
DA:290,17
DA:291,17
DA:292,17
DA:293,17
DA:294,17
DA:295,17
DA:296,17
DA:297,17
DA:298,17
DA:299,17
DA:300,17
DA:301,17
DA:302,17
DA:303,17
DA:304,17
DA:305,17
DA:306,17
DA:307,17
DA:308,17
DA:309,17
DA:310,17
DA:311,17
DA:312,17
DA:313,17
DA:314,17
DA:315,17
DA:316,17
DA:317,17
DA:318,17
DA:319,17
DA:320,17
DA:321,17
DA:322,17
DA:323,17
DA:324,17
DA:325,17
DA:326,17
DA:327,17
DA:328,17
DA:329,17
DA:330,17
DA:331,17
DA:332,17
DA:333,17
DA:334,17
DA:335,17
DA:336,17
DA:337,17
DA:338,17
DA:339,17
DA:340,17
DA:341,17
DA:342,17
DA:343,17
DA:344,17
DA:345,17
DA:346,17
DA:347,17
DA:348,17
DA:349,17
DA:350,17
DA:351,17
DA:352,17
DA:353,17
DA:354,17
DA:355,17
DA:356,17
DA:357,17
DA:358,17
DA:359,17
DA:360,17
DA:361,17
DA:362,17
DA:363,17
DA:364,17
DA:365,17
DA:366,17
DA:367,17
DA:368,17
DA:369,17
DA:370,17
DA:371,17
DA:372,17
DA:373,17
DA:374,17
DA:375,17
DA:376,17
DA:377,17
DA:378,1
DA:379,1
LF:379
LH:341
BRDA:35,0,0,17
BRDA:128,1,0,7
BRDA:134,2,0,10
BRDA:162,3,0,0
BRDA:162,4,0,10
BRDA:171,5,0,10
BRDA:171,6,0,10
BRDA:196,7,0,1
BRDA:196,8,0,9
BRDA:201,9,0,10
BRDA:201,10,0,10
BRDA:204,11,0,10
BRDA:208,12,0,10
BRDA:213,13,0,10
BRDA:213,14,0,0
BRDA:220,15,0,10
BRDA:234,16,0,10
BRDA:234,17,0,9
BRDA:234,18,0,1
BRDA:260,19,0,0
BRDA:327,20,0,10
BRDA:327,21,0,0
BRDA:361,22,0,1
BRDA:361,23,0,9
BRDA:364,24,0,1
BRDA:364,25,0,9
BRDA:48,26,0,7
BRDA:52,27,0,9
BRDA:55,28,0,8
BRDA:58,29,0,0
BRDA:59,30,0,0
BRDA:60,31,0,7
BRDA:62,32,0,0
BRDA:65,33,0,8
BRDA:77,34,0,1
BRDA:86,35,0,0
BRDA:93,36,0,1
BRDA:95,37,0,0
BRDA:97,38,0,0
BRDA:111,39,0,0
BRDA:118,40,0,10
BRDA:125,41,0,0
BRF:42
BRH:30
end_of_record
TN:
SF:src\pages\Register.jsx
FN:47,Register
FN:71,fetchDepartments
FN:89,handleChange
FN:96,handleNext
FN:120,handleBack
FN:125,handleSubmit
FN:277,StepIconComponent
FN:502,onClick
FN:548,onClick
FNF:9
FNH:6
FNDA:73,Register
FNDA:11,fetchDepartments
FNDA:31,handleChange
FNDA:12,handleNext
FNDA:0,handleBack
FNDA:0,handleSubmit
FNDA:195,StepIconComponent
FNDA:1,onClick
FNDA:0,onClick
DA:1,1
DA:2,1
DA:3,1
DA:4,1
DA:5,1
DA:6,1
DA:7,1
DA:8,1
DA:9,1
DA:10,1
DA:11,1
DA:12,1
DA:13,1
DA:14,1
DA:15,1
DA:16,1
DA:17,1
DA:18,1
DA:19,1
DA:20,1
DA:21,1
DA:22,1
DA:23,1
DA:24,1
DA:25,1
DA:26,1
DA:27,1
DA:28,1
DA:29,1
DA:30,1
DA:31,1
DA:32,1
DA:33,1
DA:34,1
DA:35,1
DA:36,1
DA:37,1
DA:38,1
DA:39,1
DA:40,1
DA:41,1
DA:42,1
DA:43,1
DA:44,1
DA:45,1
DA:46,1
DA:47,1
DA:48,73
DA:49,73
DA:50,73
DA:51,73
DA:52,73
DA:53,73
DA:54,73
DA:55,73
DA:56,73
DA:57,73
DA:58,73
DA:59,73
DA:60,73
DA:61,73
DA:62,73
DA:63,73
DA:64,73
DA:65,73
DA:66,73
DA:67,73
DA:68,73
DA:69,73
DA:70,73
DA:71,11
DA:72,11
DA:73,11
DA:74,11
DA:75,11
DA:76,11
DA:77,11
DA:78,11
DA:79,0
DA:80,0
DA:81,11
DA:82,11
DA:83,11
DA:84,11
DA:85,11
DA:86,11
DA:87,73
DA:88,73
DA:89,73
DA:90,31
DA:91,31
DA:92,31
DA:93,31
DA:94,31
DA:95,73
DA:96,73
DA:97,12
DA:98,8
DA:99,1
DA:100,1
DA:101,1
DA:102,12
DA:103,4
DA:104,1
DA:105,1
DA:106,1
DA:107,4
DA:108,1
DA:109,1
DA:110,1
DA:111,4
DA:112,0
DA:113,0
DA:114,0
DA:115,4
DA:116,9
DA:117,9
DA:118,9
DA:119,73
DA:120,73
DA:121,0
DA:122,0
DA:123,0
DA:124,73
DA:125,73
DA:126,0
DA:127,0
DA:128,0
DA:129,0
DA:130,0
DA:131,0
DA:132,0
DA:133,0
DA:134,0
DA:135,0
DA:136,0
DA:137,0
DA:138,0
DA:139,0
DA:140,0
DA:141,0
DA:142,0
DA:143,0
DA:144,0
DA:145,0
DA:146,0
DA:147,0
DA:148,0
DA:149,73
DA:150,73
DA:151,73
DA:152,73
DA:153,73
DA:154,73
DA:155,73
DA:156,73
DA:157,73
DA:158,73
DA:159,73
DA:160,73
DA:161,73
DA:162,73
DA:163,73
DA:164,73
DA:165,73
DA:166,73
DA:167,73
DA:168,73
DA:169,73
DA:170,73
DA:171,73
DA:172,73
DA:173,73
DA:174,73
DA:175,73
DA:176,73
DA:177,73
DA:178,73
DA:179,73
DA:180,73
DA:181,73
DA:182,73
DA:183,73
DA:184,73
DA:185,73
DA:186,73
DA:187,73
DA:188,73
DA:189,73
DA:190,73
DA:191,73
DA:192,73
DA:193,73
DA:194,73
DA:195,73
DA:196,73
DA:197,73
DA:198,73
DA:199,73
DA:200,73
DA:201,73
DA:202,73
DA:203,73
DA:204,73
DA:205,73
DA:206,73
DA:207,73
DA:208,73
DA:209,73
DA:210,73
DA:211,73
DA:212,73
DA:213,73
DA:214,73
DA:215,73
DA:216,73
DA:217,73
DA:218,73
DA:219,73
DA:220,73
DA:221,73
DA:222,73
DA:223,73
DA:224,73
DA:225,73
DA:226,73
DA:227,73
DA:228,73
DA:229,73
DA:230,73
DA:231,73
DA:232,73
DA:233,73
DA:234,73
DA:235,73
DA:236,73
DA:237,73
DA:238,73
DA:239,73
DA:240,73
DA:241,73
DA:242,73
DA:243,73
DA:244,73
DA:245,73
DA:246,73
DA:247,73
DA:248,73
DA:249,73
DA:250,73
DA:251,73
DA:252,73
DA:253,73
DA:254,73
DA:255,73
DA:256,73
DA:257,73
DA:258,73
DA:259,73
DA:260,73
DA:261,73
DA:262,73
DA:263,73
DA:264,73
DA:265,73
DA:266,73
DA:267,73
DA:268,73
DA:269,73
DA:270,73
DA:271,73
DA:272,73
DA:273,73
DA:274,73
DA:275,216
DA:276,216
DA:277,216
DA:278,195
DA:279,195
DA:280,195
DA:281,195
DA:282,195
DA:283,195
DA:284,195
DA:285,195
DA:286,195
DA:287,195
DA:288,195
DA:289,195
DA:290,195
DA:291,130
DA:292,130
DA:293,195
DA:294,195
DA:295,195
DA:296,195
DA:297,195
DA:298,195
DA:299,195
DA:300,195
DA:301,195
DA:302,24
DA:303,171
DA:304,171
DA:305,195
DA:306,195
DA:307,195
DA:308,195
DA:309,216
DA:310,216
DA:311,216
DA:312,216
DA:313,216
DA:314,216
DA:315,216
DA:316,216
DA:317,216
DA:318,216
DA:319,73
DA:320,73
DA:321,73
DA:322,73
DA:323,5
DA:324,5
DA:325,5
DA:326,5
DA:327,5
DA:328,5
DA:329,5
DA:330,5
DA:331,5
DA:332,5
DA:333,5
DA:334,5
DA:335,5
DA:336,73
DA:337,73
DA:338,73
DA:339,73
DA:340,50
DA:341,50
DA:342,50
DA:343,50
DA:344,50
DA:345,50
DA:346,50
DA:347,50
DA:348,50
DA:349,50
DA:350,50
DA:351,50
DA:352,50
DA:353,50
DA:354,50
DA:355,50
DA:356,50
DA:357,50
DA:358,50
DA:359,50
DA:360,50
DA:361,50
DA:362,50
DA:363,50
DA:364,50
DA:365,50
DA:366,50
DA:367,50
DA:368,50
DA:369,50
DA:370,50
DA:371,50
DA:372,50
DA:373,50
DA:374,50
DA:375,50
DA:376,50
DA:377,50
DA:378,50
DA:379,50
DA:380,50
DA:381,50
DA:382,50
DA:383,50
DA:384,50
DA:385,50
DA:386,50
DA:387,50
DA:388,50
DA:389,50
DA:390,50
DA:391,50
DA:392,50
DA:393,50
DA:394,50
DA:395,50
DA:396,50
DA:397,50
DA:398,50
DA:399,50
DA:400,50
DA:401,50
DA:402,50
DA:403,50
DA:404,50
DA:405,50
DA:406,50
DA:407,50
DA:408,50
DA:409,50
DA:410,50
DA:411,50
DA:412,50
DA:413,50
DA:414,50
DA:415,50
DA:416,50
DA:417,50
DA:418,50
DA:419,50
DA:420,50
DA:421,50
DA:422,50
DA:423,50
DA:424,50
DA:425,50
DA:426,50
DA:427,50
DA:428,50
DA:429,50
DA:430,50
DA:431,50
DA:432,50
DA:433,50
DA:434,73
DA:435,73
DA:436,73
DA:437,20
DA:438,20
DA:439,20
DA:440,20
DA:441,20
DA:442,20
DA:443,20
DA:444,20
DA:445,20
DA:446,20
DA:447,20
DA:448,20
DA:449,20
DA:450,20
DA:451,20
DA:452,20
DA:453,20
DA:454,20
DA:455,20
DA:456,20
DA:457,20
DA:458,20
DA:459,20
DA:460,20
DA:461,20
DA:462,20
DA:463,20
DA:464,20
DA:465,20
DA:466,20
DA:467,20
DA:468,20
DA:469,20
DA:470,20
DA:471,20
DA:472,20
DA:473,20
DA:474,20
DA:475,20
DA:476,20
DA:477,20
DA:478,20
DA:479,20
DA:480,20
DA:481,20
DA:482,20
DA:483,20
DA:484,20
DA:485,20
DA:486,20
DA:487,20
DA:488,20
DA:489,20
DA:490,20
DA:491,20
DA:492,20
DA:493,20
DA:494,20
DA:495,20
DA:496,20
DA:497,20
DA:498,20
DA:499,20
DA:500,20
DA:501,20
DA:502,20
DA:503,20
DA:504,20
DA:505,20
DA:506,20
DA:507,20
DA:508,20
DA:509,20
DA:510,20
DA:511,20
DA:512,20
DA:513,20
DA:514,20
DA:515,20
DA:516,20
DA:517,20
DA:518,20
DA:519,20
DA:520,20
DA:521,20
DA:522,20
DA:523,20
DA:524,20
DA:525,20
DA:526,20
DA:527,20
DA:528,20
DA:529,20
DA:530,20
DA:531,20
DA:532,20
DA:533,20
DA:534,20
DA:535,20
DA:536,20
DA:537,20
DA:538,20
DA:539,20
DA:540,20
DA:541,20
DA:542,20
DA:543,20
DA:544,20
DA:545,20
DA:546,20
DA:547,20
DA:548,20
DA:549,20
DA:550,20
DA:551,20
DA:552,20
DA:553,20
DA:554,20
DA:555,20
DA:556,20
DA:557,20
DA:558,20
DA:559,20
DA:560,20
DA:561,20
DA:562,20
DA:563,73
DA:564,73
DA:565,73
DA:566,2
DA:567,2
DA:568,2
DA:569,2
DA:570,2
DA:571,2
DA:572,2
DA:573,2
DA:574,2
DA:575,2
DA:576,2
DA:577,2
DA:578,2
DA:579,0
DA:580,0
DA:581,2
DA:582,2
DA:583,2
DA:584,2
DA:585,2
DA:586,2
DA:587,2
DA:588,2
DA:589,2
DA:590,2
DA:591,2
DA:592,2
DA:593,2
DA:594,2
DA:595,2
DA:596,2
DA:597,2
DA:598,2
DA:599,2
DA:600,2
DA:601,2
DA:602,2
DA:603,2
DA:604,2
DA:605,2
DA:606,2
DA:607,2
DA:608,2
DA:609,2
DA:610,2
DA:611,2
DA:612,2
DA:613,0
DA:614,0
DA:615,0
DA:616,0
DA:617,2
DA:618,2
DA:619,4
DA:620,4
DA:621,4
DA:622,2
DA:623,2
DA:624,2
DA:625,2
DA:626,2
DA:627,2
DA:628,2
DA:629,2
DA:630,0
DA:631,0
DA:632,0
DA:633,0
DA:634,0
DA:635,0
DA:636,0
DA:637,0
DA:638,0
DA:639,0
DA:640,0
DA:641,0
DA:642,0
DA:643,0
DA:644,0
DA:645,0
DA:646,0
DA:647,0
DA:648,0
DA:649,0
DA:650,0
DA:651,0
DA:652,0
DA:653,0
DA:654,0
DA:655,0
DA:656,0
DA:657,0
DA:658,0
DA:659,0
DA:660,0
DA:661,0
DA:662,0
DA:663,0
DA:664,0
DA:665,0
DA:666,0
DA:667,0
DA:668,0
DA:669,0
DA:670,0
DA:671,0
DA:672,0
DA:673,0
DA:674,2
DA:675,2
DA:676,73
DA:677,73
DA:678,73
DA:679,73
DA:680,73
DA:681,73
DA:682,73
DA:683,73
DA:684,73
DA:685,73
DA:686,73
DA:687,73
DA:688,73
DA:689,73
DA:690,73
DA:691,73
DA:692,73
DA:693,73
DA:694,73
DA:695,73
DA:696,73
DA:697,73
DA:698,73
DA:699,70
DA:700,70
DA:701,70
DA:702,70
DA:703,70
DA:704,70
DA:705,70
DA:706,70
DA:707,70
DA:708,70
DA:709,70
DA:710,70
DA:711,70
DA:712,70
DA:713,70
DA:714,70
DA:715,70
DA:716,70
DA:717,70
DA:718,70
DA:719,70
DA:720,2
DA:721,2
DA:722,2
DA:723,2
DA:724,2
DA:725,2
DA:726,2
DA:727,2
DA:728,2
DA:729,2
DA:730,2
DA:731,2
DA:732,2
DA:733,2
DA:734,2
DA:735,2
DA:736,2
DA:737,2
DA:738,2
DA:739,2
DA:740,2
DA:741,2
DA:742,2
DA:743,2
DA:744,2
DA:745,2
DA:746,73
DA:747,73
DA:748,73
DA:749,73
DA:750,73
DA:751,73
DA:752,73
DA:753,73
DA:754,73
DA:755,73
DA:756,73
DA:757,73
DA:758,73
DA:759,73
DA:760,73
DA:761,73
DA:762,73
DA:763,73
DA:764,73
DA:765,73
DA:766,73
DA:767,73
DA:768,73
DA:769,73
DA:770,73
DA:771,73
DA:772,73
DA:773,73
DA:774,73
DA:775,73
DA:776,73
DA:777,1
DA:778,1
LF:778
LH:697
BRDA:47,0,0,73
BRDA:322,1,0,5
BRDA:339,2,0,50
BRDA:436,3,0,20
BRDA:476,4,0,1
BRDA:476,5,0,19
BRDA:509,6,0,1
BRDA:509,7,0,19
BRDA:522,8,0,0
BRDA:555,9,0,0
BRDA:565,10,0,2
BRDA:579,11,0,0
BRDA:612,12,0,0
BRDA:629,13,0,0
BRDA:698,14,0,70
BRDA:720,15,0,2
BRDA:725,16,0,0
BRDA:744,17,0,0
BRDA:70,18,0,11
BRDA:71,19,0,11
BRDA:78,20,0,0
BRDA:89,21,0,31
BRDA:96,22,0,12
BRDA:97,23,0,8
BRDA:98,24,0,7
BRDA:98,25,0,7
BRDA:98,26,0,1
BRDA:102,27,0,4
BRDA:103,28,0,3
BRDA:103,29,0,1
BRDA:106,30,0,3
BRDA:107,31,0,1
BRDA:110,32,0,2
BRDA:111,33,0,0
BRDA:115,34,0,9
BRDA:274,35,0,216
BRDA:311,36,0,72
BRDA:311,37,0,144
BRDA:277,38,0,195
BRDA:289,39,0,65
BRDA:290,40,0,130
BRDA:291,41,0,24
BRDA:292,42,0,106
BRDA:294,43,0,130
BRDA:294,44,0,89
BRDA:294,45,0,106
BRDA:297,46,0,65
BRDA:297,47,0,130
BRDA:301,48,0,24
BRDA:303,49,0,171
BRDA:502,50,0,1
BRDA:618,51,0,4
BRF:52
BRH:43
end_of_record
TN:
SF:src\pages\ResetPassword.jsx
FN:15,ResetPassword
FN:31,handleSubmit
FN:100,onChange
FN:111,onChange
FNF:4
FNH:4
FNDA:21,ResetPassword
FNDA:4,handleSubmit
FNDA:5,onChange
FNDA:4,onChange
DA:1,1
DA:2,1
DA:3,1
DA:4,1
DA:5,1
DA:6,1
DA:7,1
DA:8,1
DA:9,1
DA:10,1
DA:11,1
DA:12,1
DA:13,1
DA:14,1
DA:15,1
DA:16,21
DA:17,21
DA:18,21
DA:19,21
DA:20,21
DA:21,21
DA:22,21
DA:23,21
DA:24,21
DA:25,21
DA:26,21
DA:27,0
DA:28,0
DA:29,21
DA:30,21
DA:31,21
DA:32,4
DA:33,4
DA:34,4
DA:35,4
DA:36,1
DA:37,1
DA:38,1
DA:39,3
DA:40,4
DA:41,1
DA:42,1
DA:43,1
DA:44,2
DA:45,2
DA:46,2
DA:47,2
DA:48,2
DA:49,2
DA:50,1
DA:51,1
DA:52,1
DA:53,0
DA:54,1
DA:55,1
DA:56,1
DA:57,1
DA:58,1
DA:59,2
DA:60,2
DA:61,2
DA:62,21
DA:63,21
DA:64,21
DA:65,21
DA:66,21
DA:67,21
DA:68,21
DA:69,21
DA:70,21
DA:71,21
DA:72,21
DA:73,21
DA:74,21
DA:75,21
DA:76,21
DA:77,21
DA:78,21
DA:79,3
DA:80,3
DA:81,3
DA:82,21
DA:83,21
DA:84,21
DA:85,1
DA:86,1
DA:87,1
DA:88,21
DA:89,21
DA:90,21
DA:91,21
DA:92,21
DA:93,21
DA:94,21
DA:95,21
DA:96,21
DA:97,21
DA:98,21
DA:99,21
DA:100,21
DA:101,21
DA:102,21
DA:103,21
DA:104,21
DA:105,21
DA:106,21
DA:107,21
DA:108,21
DA:109,21
DA:110,21
DA:111,21
DA:112,21
DA:113,21
DA:114,21
DA:115,21
DA:116,21
DA:117,21
DA:118,21
DA:119,21
DA:120,21
DA:121,21
DA:122,21
DA:123,21
DA:124,21
DA:125,21
DA:126,21
DA:127,21
DA:128,21
DA:129,21
DA:130,21
DA:131,21
DA:132,21
DA:133,21
DA:134,21
DA:135,1
DA:136,1
LF:136
LH:133
BRDA:15,0,0,21
BRDA:78,1,0,3
BRDA:84,2,0,1
BRDA:118,3,0,19
BRDA:120,4,0,2
BRDA:120,5,0,19
BRDA:24,6,0,21
BRDA:26,7,0,0
BRDA:31,8,0,4
BRDA:35,9,0,1
BRDA:38,10,0,3
BRDA:40,11,0,1
BRDA:43,12,0,2
BRDA:50,13,0,1
BRDA:56,14,0,0
BRDA:57,15,0,0
BRDA:58,16,0,2
BRDA:100,17,0,5
BRDA:111,18,0,4
BRF:19
BRH:16
end_of_record
TN:
SF:src\pages\VerifyEmail.jsx
FN:15,VerifyEmail
FN:30,verifyEmail
FNF:2
FNH:2
FNDA:7,VerifyEmail
FNDA:7,verifyEmail
DA:1,1
DA:2,1
DA:3,1
DA:4,1
DA:5,1
DA:6,1
DA:7,1
DA:8,1
DA:9,1
DA:10,1
DA:11,1
DA:12,1
DA:13,1
DA:14,1
DA:15,1
DA:16,7
DA:17,7
DA:18,7
DA:19,7
DA:20,7
DA:21,7
DA:22,7
DA:23,7
DA:24,7
DA:25,0
DA:26,0
DA:27,0
DA:28,7
DA:29,7
DA:30,7
DA:31,7
DA:32,7
DA:33,4
DA:34,4
DA:35,4
DA:36,7
DA:37,2
DA:38,2
DA:39,2
DA:40,2
DA:41,7
DA:42,7
DA:43,7
DA:44,7
DA:45,7
DA:46,7
DA:47,7
DA:48,7
DA:49,7
DA:50,7
DA:51,7
DA:52,7
DA:53,7
DA:54,7
DA:55,7
DA:56,7
DA:57,7
DA:58,7
DA:59,4
DA:60,4
DA:61,4
DA:62,4
DA:63,7
DA:64,7
DA:65,7
DA:66,2
DA:67,2
DA:68,2
DA:69,2
DA:70,2
DA:71,2
DA:72,2
DA:73,2
DA:74,7
DA:75,7
DA:76,7
DA:77,1
DA:78,1
DA:79,1
DA:80,1
DA:81,1
DA:82,1
DA:83,1
DA:84,1
DA:85,7
DA:86,7
DA:87,7
DA:88,7
DA:89,7
DA:90,7
DA:91,1
DA:92,1
LF:92
LH:89
BRDA:15,0,0,7
BRDA:58,1,0,4
BRDA:65,2,0,2
BRDA:76,3,0,1
BRDA:20,4,0,7
BRDA:24,5,0,0
BRDA:30,6,0,7
BRDA:33,7,0,4
BRDA:36,8,0,2
BRDA:38,9,0,0
BRF:10
BRH:8
end_of_record
TN:
SF:src\services\api.js
FN:1,(empty-report)
FNF:1
FNH:0
FNDA:0,(empty-report)
DA:1,0
DA:2,0
DA:3,0
DA:4,0
DA:5,0
DA:6,0
DA:7,0
DA:8,0
DA:9,0
DA:10,0
DA:11,0
DA:12,0
DA:13,0
DA:14,0
DA:15,0
DA:16,0
DA:17,0
DA:18,0
DA:19,0
DA:20,0
DA:21,0
DA:22,0
DA:23,0
DA:24,0
DA:25,0
DA:26,0
DA:27,0
DA:28,0
DA:29,0
DA:30,0
DA:31,0
DA:32,0
DA:33,0
DA:34,0
DA:35,0
DA:36,0
DA:37,0
DA:38,0
DA:39,0
DA:40,0
DA:41,0
DA:42,0
DA:43,0
DA:44,0
DA:45,0
DA:46,0
DA:47,0
DA:48,0
DA:49,0
DA:50,0
DA:51,0
DA:52,0
DA:53,0
DA:54,0
DA:55,0
DA:56,0
DA:57,0
DA:58,0
DA:59,0
DA:60,0
DA:61,0
DA:62,0
DA:63,0
DA:64,0
DA:65,0
DA:66,0
DA:67,0
DA:68,0
DA:69,0
DA:70,0
DA:71,0
DA:72,0
DA:73,0
DA:74,0
DA:75,0
DA:76,0
DA:77,0
DA:78,0
DA:79,0
DA:80,0
DA:81,0
DA:82,0
DA:83,0
DA:84,0
DA:85,0
DA:86,0
DA:87,0
DA:88,0
DA:89,0
DA:90,0
LF:90
LH:0
BRDA:1,0,0,0
BRF:1
BRH:0
end_of_record
